[35m[1mConsolidate compiler generated dependencies of target ue_connector[0m
[ 50%] [32mBuilding CXX object CMakeFiles/ue_connector.dir/src/ue_connector.cpp.o[0m
[01m[K/home/lucas/dev_ws/src/ros2_ue_linker/src/ue_connector.cpp:[m[K In member function â€˜[01m[Kvoid TFSubscriber::topic_callback(sensor_msgs::msg::JointState_<std::allocator<void> >::SharedPtr) const[m[Kâ€™:
[01m[K/home/lucas/dev_ws/src/ros2_ue_linker/src/ue_connector.cpp:64:17:[m[K [01;31m[Kerror: [m[Kâ€˜[01m[Kshared_data[m[Kâ€™ was not declared in this scope; did you mean â€˜[01m[Kshm_data[m[Kâ€™?
   64 |                 [01;31m[Kshared_data[m[K->position[i] = msg->position[i];
      |                 [01;31m[K^~~~~~~~~~~[m[K
      |                 [32m[Kshm_data[m[K
gmake[2]: *** [CMakeFiles/ue_connector.dir/build.make:76 : CMakeFiles/ue_connector.dir/src/ue_connector.cpp.o] Erreur 1
gmake[1]: *** [CMakeFiles/Makefile2:137 : CMakeFiles/ue_connector.dir/all] Erreur 2
gmake: *** [Makefile:146 : all] Erreur 2
