[35m[1mConsolidate compiler generated dependencies of target ue_connector[0m
[ 50%] [32mBuilding CXX object CMakeFiles/ue_connector.dir/src/ue_connector.cpp.o[0m
[01m[K/home/lucas/dev_ws/src/ros2_ue_linker/src/ue_connector.cpp:67:5:[m[K [01;31m[Kerror: [m[Kâ€˜[01m[Kshm_msg[m[Kâ€™ does not name a type
   67 |     [01;31m[Kshm_msg[m[K *shm_data;
      |     [01;31m[K^~~~~~~[m[K
[01m[K/home/lucas/dev_ws/src/ros2_ue_linker/src/ue_connector.cpp:[m[K In constructor â€˜[01m[KTFSubscriber::TFSubscriber()[m[Kâ€™:
[01m[K/home/lucas/dev_ws/src/ros2_ue_linker/src/ue_connector.cpp:35:13:[m[K [01;31m[Kerror: [m[Kâ€˜[01m[Kshm_data[m[Kâ€™ was not declared in this scope; did you mean â€˜[01m[Kshmdt[m[Kâ€™?
   35 |             [01;31m[Kshm_data[m[K = (shm_msg *)shmat(shmid, NULL, 0);
      |             [01;31m[K^~~~~~~~[m[K
      |             [32m[Kshmdt[m[K
[01m[K/home/lucas/dev_ws/src/ros2_ue_linker/src/ue_connector.cpp:35:34:[m[K [01;31m[Kerror: [m[Kexpected primary-expression before â€˜[01m[K)[m[Kâ€™ token
   35 |             shm_data = (shm_msg *[01;31m[K)[m[Kshmat(shmid, NULL, 0);
      |                                  [01;31m[K^[m[K
[01m[K/home/lucas/dev_ws/src/ros2_ue_linker/src/ue_connector.cpp:[m[K In member function â€˜[01m[Kvoid TFSubscriber::detach_shm()[m[Kâ€™:
[01m[K/home/lucas/dev_ws/src/ros2_ue_linker/src/ue_connector.cpp:45:15:[m[K [01;31m[Kerror: [m[Kâ€˜[01m[Kshm_data[m[Kâ€™ was not declared in this scope; did you mean â€˜[01m[Kshmdt[m[Kâ€™?
   45 |         shmdt([01;31m[Kshm_data[m[K);
      |               [01;31m[K^~~~~~~~[m[K
      |               [32m[Kshmdt[m[K
[01m[K/home/lucas/dev_ws/src/ros2_ue_linker/src/ue_connector.cpp:[m[K In member function â€˜[01m[Kvoid TFSubscriber::topic_callback(sensor_msgs::msg::JointState_<std::allocator<void> >::SharedPtr) const[m[Kâ€™:
[01m[K/home/lucas/dev_ws/src/ros2_ue_linker/src/ue_connector.cpp:57:9:[m[K [01;31m[Kerror: [m[Kâ€˜[01m[Kshm_data[m[Kâ€™ was not declared in this scope; did you mean â€˜[01m[Kshmdt[m[Kâ€™?
   57 |         [01;31m[Kshm_data[m[K->msg_id = msg_id;
      |         [01;31m[K^~~~~~~~[m[K
      |         [32m[Kshmdt[m[K
gmake[2]: *** [CMakeFiles/ue_connector.dir/build.make:76 : CMakeFiles/ue_connector.dir/src/ue_connector.cpp.o] Erreur 1
gmake[1]: *** [CMakeFiles/Makefile2:137 : CMakeFiles/ue_connector.dir/all] Erreur 2
gmake: *** [Makefile:146 : all] Erreur 2
