[0.057s] Invoking command in '/home/lucas/dev_ws/build/ros2_control_hand': CMAKE_PREFIX_PATH=${CMAKE_PREFIX_PATH}:/opt/ros/humble /usr/bin/cmake /home/lucas/dev_ws/src/ros2_control_hand -DCMAKE_INSTALL_PREFIX=/home/lucas/dev_ws/install/ros2_control_hand
[0.065s] -- Found ament_cmake: 1.3.5 (/opt/ros/humble/share/ament_cmake/cmake)
[0.154s] -- Override CMake install command with custom implementation using symlinks instead of copying resources
[0.157s] -- Found hardware_interface: 2.35.0 (/opt/ros/humble/share/hardware_interface/cmake)
[0.174s] -- Found rosidl_generator_c: 3.1.5 (/opt/ros/humble/share/rosidl_generator_c/cmake)
[0.176s] -- Found rosidl_adapter: 3.1.5 (/opt/ros/humble/share/rosidl_adapter/cmake)
[0.179s] -- Found rosidl_generator_cpp: 3.1.5 (/opt/ros/humble/share/rosidl_generator_cpp/cmake)
[0.186s] -- Using all available rosidl_typesupport_c: rosidl_typesupport_fastrtps_c;rosidl_typesupport_introspection_c
[0.196s] -- Using all available rosidl_typesupport_cpp: rosidl_typesupport_fastrtps_cpp;rosidl_typesupport_introspection_cpp
[0.606s] -- Found rmw_implementation_cmake: 6.1.1 (/opt/ros/humble/share/rmw_implementation_cmake/cmake)
[0.607s] -- Found rmw_fastrtps_cpp: 6.2.4 (/opt/ros/humble/share/rmw_fastrtps_cpp/cmake)
[0.692s] -- Using RMW implementation 'rmw_fastrtps_cpp' as default
[0.830s] -- Found ament_cmake_gtest: 1.3.5 (/opt/ros/humble/share/ament_cmake_gtest/cmake)
[0.876s] -- Configuring done
[0.892s] -- Generating done
[0.893s] -- Build files have been written to: /home/lucas/dev_ws/build/ros2_control_hand
[0.900s] Invoked command in '/home/lucas/dev_ws/build/ros2_control_hand' returned '0': CMAKE_PREFIX_PATH=${CMAKE_PREFIX_PATH}:/opt/ros/humble /usr/bin/cmake /home/lucas/dev_ws/src/ros2_control_hand -DCMAKE_INSTALL_PREFIX=/home/lucas/dev_ws/install/ros2_control_hand
[0.902s] Invoking command in '/home/lucas/dev_ws/build/ros2_control_hand': CMAKE_PREFIX_PATH=${CMAKE_PREFIX_PATH}:/opt/ros/humble /usr/bin/cmake --build /home/lucas/dev_ws/build/ros2_control_hand -- -j8 -l8
[0.937s] [35m[1mConsolidate compiler generated dependencies of target ros2_control_hand[0m
[0.953s] [ 50%] [32mBuilding CXX object CMakeFiles/ros2_control_hand.dir/hardware/rrbot.cpp.o[0m
[2.600s] In file included from [01m[K/opt/ros/humble/include/class_loader/class_loader/class_loader.hpp:56[m[K,
[2.600s]                  from [01m[K/opt/ros/humble/include/pluginlib/pluginlib/class_list_macros.hpp:40[m[K,
[2.600s]                  from [01m[K/home/lucas/dev_ws/src/ros2_control_hand/hardware/rrbot.cpp:202[m[K:
[2.600s] [01m[K/home/lucas/dev_ws/src/ros2_control_hand/hardware/rrbot.cpp:205:3:[m[K [01;31m[Kerror: [m[Kâ€˜[01m[Kros2_control_hand[m[Kâ€™ does not name a type; did you mean â€˜[01m[Kros2_control_hand_EXPORTS[m[Kâ€™?
[2.600s]   205 |   [01;31m[Kros2_control_hand[m[K::RRBotSystemPositionOnlyHardware, hardware_interface::SystemInterface)
[2.600s]       |   [01;31m[K^~~~~~~~~~~~~~~~~[m[K
[2.606s] [01m[K/home/lucas/dev_ws/src/ros2_control_hand/hardware/rrbot.cpp:[m[K In constructor â€˜[01m[K{anonymous}::ProxyExec0::ProxyExec0()[m[Kâ€™:
[2.607s] [01m[K/home/lucas/dev_ws/src/ros2_control_hand/hardware/rrbot.cpp:204:1:[m[K [01;31m[Kerror: [m[Kâ€˜[01m[K_derived[m[Kâ€™ was not declared in this scope
[2.607s]   204 | [01;31m[KPLUGINLIB_EXPORT_CLASS[m[K(
[2.607s]       | [01;31m[K^~~~~~~~~~~~~~~~~~~~~~[m[K
[2.607s] [01m[K/home/lucas/dev_ws/src/ros2_control_hand/hardware/rrbot.cpp:204:1:[m[K [01;31m[Kerror: [m[Kno matching function for call to â€˜[01m[KregisterPlugin<<expression error>, {anonymous}::ProxyExec0::_base>(const char [51], const char [36])[m[Kâ€™
[2.607s]   204 | [01;31m[KPLUGINLIB_EXPORT_CLASS[m[K(
[2.607s]       | [01;31m[K^~~~~~~~~~~~~~~~~~~~~~[m[K
[2.607s] In file included from [01m[K/opt/ros/humble/include/class_loader/class_loader/class_loader.hpp:55[m[K,
[2.607s]                  from [01m[K/opt/ros/humble/include/pluginlib/pluginlib/class_list_macros.hpp:40[m[K,
[2.607s]                  from [01m[K/home/lucas/dev_ws/src/ros2_control_hand/hardware/rrbot.cpp:202[m[K:
[2.607s] [01m[K/opt/ros/humble/include/class_loader/class_loader/class_loader_core.hpp:210:6:[m[K [01;36m[Knote: [m[Kcandidate: â€˜[01m[Ktemplate<class Derived, class Base> void class_loader::impl::registerPlugin(const string&, const string&)[m[Kâ€™
[2.607s]   210 | void [01;36m[KregisterPlugin[m[K(const std::string & class_name, const std::string & base_class_name)
[2.608s]       |      [01;36m[K^~~~~~~~~~~~~~[m[K
[2.608s] [01m[K/opt/ros/humble/include/class_loader/class_loader/class_loader_core.hpp:210:6:[m[K [01;36m[Knote: [m[K  template argument deduction/substitution failed:
[2.608s] In file included from [01m[K/opt/ros/humble/include/class_loader/class_loader/class_loader.hpp:56[m[K,
[2.608s]                  from [01m[K/opt/ros/humble/include/pluginlib/pluginlib/class_list_macros.hpp:40[m[K,
[2.608s]                  from [01m[K/home/lucas/dev_ws/src/ros2_control_hand/hardware/rrbot.cpp:202[m[K:
[2.608s] [01m[K/home/lucas/dev_ws/src/ros2_control_hand/hardware/rrbot.cpp:204:1:[m[K [01;31m[Kerror: [m[Ktemplate argument 1 is invalid
[2.608s]   204 | [01;31m[KPLUGINLIB_EXPORT_CLASS[m[K(
[2.608s]       | [01;31m[K^~~~~~~~~~~~~~~~~~~~~~[m[K
[2.995s] gmake[2]: *** [CMakeFiles/ros2_control_hand.dir/build.make:76 : CMakeFiles/ros2_control_hand.dir/hardware/rrbot.cpp.o] Erreur 1
[2.995s] gmake[1]: *** [CMakeFiles/Makefile2:137 : CMakeFiles/ros2_control_hand.dir/all] Erreur 2
[2.995s] gmake: *** [Makefile:146 : all] Erreur 2
[2.996s] Invoked command in '/home/lucas/dev_ws/build/ros2_control_hand' returned '2': CMAKE_PREFIX_PATH=${CMAKE_PREFIX_PATH}:/opt/ros/humble /usr/bin/cmake --build /home/lucas/dev_ws/build/ros2_control_hand -- -j8 -l8
