[35m[1mConsolidate compiler generated dependencies of target ros2_control_hand[0m
[ 50%] [32mBuilding CXX object CMakeFiles/ros2_control_hand.dir/hardware/rrbot.cpp.o[0m
[01m[K/home/lucas/dev_ws/src/ros2_control_hand/hardware/rrbot.cpp:[m[K In member function â€˜[01m[Kvirtual hardware_interface::return_type ros2_control_hand::CustomHardware::read(const rclcpp::Time&, const rclcpp::Duration&)[m[Kâ€™:
[01m[K/home/lucas/dev_ws/src/ros2_control_hand/hardware/rrbot.cpp:263:32:[m[K [01;31m[Kerror: [m[Kâ€˜[01m[Kjoint_mapping_table[m[Kâ€™ was not declared in this scope
  263 |     for (const auto& mapping : [01;31m[Kjoint_mapping_table[m[K)
      |                                [01;31m[K^~~~~~~~~~~~~~~~~~~[m[K
[01m[K/home/lucas/dev_ws/src/ros2_control_hand/hardware/rrbot.cpp:274:7:[m[K [01;31m[Kerror: [m[Kâ€˜[01m[Kjoint_mapping_table[m[Kâ€™ was not declared in this scope
  274 |       [01;31m[Kjoint_mapping_table[m[K.emplace_back(joint_index, i);
      |       [01;31m[K^~~~~~~~~~~~~~~~~~~[m[K
[01m[K/home/lucas/dev_ws/src/ros2_control_hand/hardware/rrbot.cpp:282:34:[m[K [01;31m[Kerror: [m[Kâ€˜[01m[Kjoint_mapping_table[m[Kâ€™ was not declared in this scope
  282 |     uint8_t mapped_joint_index = [01;31m[Kjoint_mapping_table[m[K[joint_index].second;
      |                                  [01;31m[K^~~~~~~~~~~~~~~~~~~[m[K
gmake[2]: *** [CMakeFiles/ros2_control_hand.dir/build.make:76 : CMakeFiles/ros2_control_hand.dir/hardware/rrbot.cpp.o] Erreur 1
gmake[1]: *** [CMakeFiles/Makefile2:137 : CMakeFiles/ros2_control_hand.dir/all] Erreur 2
gmake: *** [Makefile:146 : all] Erreur 2
