[0.061s] Invoking command in '/home/lucas/dev_ws/build/ros2_control_hand': CMAKE_PREFIX_PATH=${CMAKE_PREFIX_PATH}:/opt/ros/humble /usr/bin/cmake --build /home/lucas/dev_ws/build/ros2_control_hand -- -j8 -l8
[0.093s] [35m[1mConsolidate compiler generated dependencies of target ros2_control_hand[0m
[0.108s] [ 50%] [32mBuilding CXX object CMakeFiles/ros2_control_hand.dir/hardware/rrbot.cpp.o[0m
[1.738s] [01m[K/home/lucas/dev_ws/src/ros2_control_hand/hardware/rrbot.cpp:[m[K In member function â€˜[01m[Kvirtual hardware_interface::CallbackReturn ros2_control_hand::CustomHardware::on_deactivate(const rclcpp_lifecycle::State&)[m[Kâ€™:
[1.738s] [01m[K/home/lucas/dev_ws/src/ros2_control_hand/hardware/rrbot.cpp:184:12:[m[K [01;31m[Kerror: [m[Kâ€˜[01m[Knull[m[Kâ€™ was not declared in this scope
[1.738s]   184 |     return [01;31m[Knull[m[K;
[1.738s]       |            [01;31m[K^~~~[m[K
[2.193s] gmake[2]: *** [CMakeFiles/ros2_control_hand.dir/build.make:76 : CMakeFiles/ros2_control_hand.dir/hardware/rrbot.cpp.o] Erreur 1
[2.193s] gmake[1]: *** [CMakeFiles/Makefile2:137 : CMakeFiles/ros2_control_hand.dir/all] Erreur 2
[2.193s] gmake: *** [Makefile:146 : all] Erreur 2
[2.195s] Invoked command in '/home/lucas/dev_ws/build/ros2_control_hand' returned '2': CMAKE_PREFIX_PATH=${CMAKE_PREFIX_PATH}:/opt/ros/humble /usr/bin/cmake --build /home/lucas/dev_ws/build/ros2_control_hand -- -j8 -l8
