[01m[K/home/lucas/dev_ws/src/ros2_ue_linker/src/ue_connector.cpp:[m[K In member function â€˜[01m[Kvoid TFSubscriber::serialize(const std::vector<std::__cxx11::basic_string<char> >&, double*, int)[m[Kâ€™:
[01m[K/home/lucas/dev_ws/src/ros2_ue_linker/src/ue_connector.cpp:73:9:[m[K [01;31m[Kerror: [m[Kexpected â€˜[01m[K;[m[Kâ€™ before â€˜[01m[Kint[m[Kâ€™
   73 |         [01;31m[Kint[m[K i = 0;
      |         [01;31m[K^~~[m[K
[01m[K/home/lucas/dev_ws/src/ros2_ue_linker/src/ue_connector.cpp:74:16:[m[K [01;31m[Kerror: [m[Kâ€˜[01m[Ki[m[Kâ€™ was not declared in this scope
   74 |         while ([01;31m[Ki[m[K < joint_names.size())
      |                [01;31m[K^[m[K
gmake[2]: *** [CMakeFiles/ue_connector.dir/build.make:76 : CMakeFiles/ue_connector.dir/src/ue_connector.cpp.o] Erreur 1
gmake[1]: *** [CMakeFiles/Makefile2:137 : CMakeFiles/ue_connector.dir/all] Erreur 2
gmake: *** [Makefile:146 : all] Erreur 2
