[01m[K/home/lucas/dev_ws/src/ros2_ue_linker/src/ue_connector.cpp:[m[K In member function â€˜[01m[Kvoid TFSubscriber::topic_callback(sensor_msgs::msg::JointState_<std::allocator<void> >::SharedPtr)[m[Kâ€™:
[01m[K/home/lucas/dev_ws/src/ros2_ue_linker/src/ue_connector.cpp:52:9:[m[K [01;31m[Kerror: [m[Kâ€˜[01m[Kserialize[m[Kâ€™ was not declared in this scope; did you mean â€˜[01m[Krmw_serialize[m[Kâ€™?
   52 |         [01;31m[Kserialize[m[K(position, msg_id);
      |         [01;31m[K^~~~~~~~~[m[K
      |         [32m[Krmw_serialize[m[K
[01m[K/home/lucas/dev_ws/src/ros2_ue_linker/src/ue_connector.cpp:[m[K In function â€˜[01m[Kvoid serialize(double*, int)[m[Kâ€™:
[01m[K/home/lucas/dev_ws/src/ros2_ue_linker/src/ue_connector.cpp:64:40:[m[K [01;31m[Kerror: [m[Kâ€˜[01m[Kshm_data[m[Kâ€™ was not declared in this scope; did you mean â€˜[01m[Kshmdt[m[Kâ€™?
   64 |     unsigned long *q = (unsigned long*)[01;31m[Kshm_data[m[K;
      |                                        [01;31m[K^~~~~~~~[m[K
      |                                        [32m[Kshmdt[m[K
gmake[2]: *** [CMakeFiles/ue_connector.dir/build.make:76 : CMakeFiles/ue_connector.dir/src/ue_connector.cpp.o] Erreur 1
gmake[1]: *** [CMakeFiles/Makefile2:137 : CMakeFiles/ue_connector.dir/all] Erreur 2
gmake: *** [Makefile:146 : all] Erreur 2
