[0.358s] Invoking command in '/home/lucas/dev_ws/build/ros2_ue_linker': CMAKE_PREFIX_PATH=/home/lucas/dev_ws/install/ros2_ue_linker:/home/lucas/dev_ws/install/ros2_control_hand:/home/lucas/dev_ws/install/ros2_control_demo_description:/home/lucas/dev_ws/install/dexhand_description:/opt/ros/humble:/home/lucas/dev_ws/install/hand_urdf:/home/lucas/ros2_ws/install/udp_driver:/home/lucas/ros2_ws/install/serial_driver:/home/lucas/ros2_ws/install/ros2_ue_connector_node:/home/lucas/ros2_ws/install/io_context:/home/lucas/ros2_ws/install/custom_hardware:/home/lucas/ros2_ws/install/asio_cmake_module /usr/bin/cmake --build /home/lucas/dev_ws/build/ros2_ue_linker -- -j8 -l8
[0.417s] [35m[1mConsolidate compiler generated dependencies of target ue_connector[0m
[0.480s] [ 50%] [32mBuilding CXX object CMakeFiles/ue_connector.dir/src/ue_connector.cpp.o[0m
[2.682s] [01m[K/home/lucas/dev_ws/src/ros2_ue_linker/src/ue_connector.cpp:[m[K In member function â€˜[01m[Kvoid TFSubscriber::topic_callback(sensor_msgs::msg::JointState_<std::allocator<void> >::SharedPtr)[m[Kâ€™:
[2.682s] [01m[K/home/lucas/dev_ws/src/ros2_ue_linker/src/ue_connector.cpp:52:9:[m[K [01;31m[Kerror: [m[Kâ€˜[01m[Kserialize[m[Kâ€™ was not declared in this scope; did you mean â€˜[01m[Krmw_serialize[m[Kâ€™?
[2.683s]    52 |         [01;31m[Kserialize[m[K(position, msg_id);
[2.683s]       |         [01;31m[K^~~~~~~~~[m[K
[2.683s]       |         [32m[Krmw_serialize[m[K
[2.685s] [01m[K/home/lucas/dev_ws/src/ros2_ue_linker/src/ue_connector.cpp:[m[K In function â€˜[01m[Kvoid serialize(double*, int)[m[Kâ€™:
[2.685s] [01m[K/home/lucas/dev_ws/src/ros2_ue_linker/src/ue_connector.cpp:64:40:[m[K [01;31m[Kerror: [m[Kâ€˜[01m[Kshm_data[m[Kâ€™ was not declared in this scope; did you mean â€˜[01m[Kshmdt[m[Kâ€™?
[2.685s]    64 |     unsigned long *q = (unsigned long*)[01;31m[Kshm_data[m[K;
[2.685s]       |                                        [01;31m[K^~~~~~~~[m[K
[2.685s]       |                                        [32m[Kshmdt[m[K
[4.496s] gmake[2]: *** [CMakeFiles/ue_connector.dir/build.make:76 : CMakeFiles/ue_connector.dir/src/ue_connector.cpp.o] Erreur 1
[4.496s] gmake[1]: *** [CMakeFiles/Makefile2:137 : CMakeFiles/ue_connector.dir/all] Erreur 2
[4.496s] gmake: *** [Makefile:146 : all] Erreur 2
[4.499s] Invoked command in '/home/lucas/dev_ws/build/ros2_ue_linker' returned '2': CMAKE_PREFIX_PATH=/home/lucas/dev_ws/install/ros2_ue_linker:/home/lucas/dev_ws/install/ros2_control_hand:/home/lucas/dev_ws/install/ros2_control_demo_description:/home/lucas/dev_ws/install/dexhand_description:/opt/ros/humble:/home/lucas/dev_ws/install/hand_urdf:/home/lucas/ros2_ws/install/udp_driver:/home/lucas/ros2_ws/install/serial_driver:/home/lucas/ros2_ws/install/ros2_ue_connector_node:/home/lucas/ros2_ws/install/io_context:/home/lucas/ros2_ws/install/custom_hardware:/home/lucas/ros2_ws/install/asio_cmake_module /usr/bin/cmake --build /home/lucas/dev_ws/build/ros2_ue_linker -- -j8 -l8
