[01m[K/home/lucas/dev_ws/src/ros2_ue_linker/src/ue_connector.cpp:[m[K In member function â€˜[01m[Kvoid TFSubscriber::topic_callback(sensor_msgs::msg::JointState_<std::allocator<void> >::SharedPtr)[m[Kâ€™:
[01m[K/home/lucas/dev_ws/src/ros2_ue_linker/src/ue_connector.cpp:50:40:[m[K [01;31m[Kerror: [m[Kâ€˜[01m[Kusing _name_type = class std::vector<std::__cxx11::basic_string<char> >[m[Kâ€™ {aka â€˜[01m[Kclass std::vector<std::__cxx11::basic_string<char> >[m[Kâ€™} has no member named â€˜[01m[Kc_str[m[Kâ€™
   50 |         printf("name: %s\n", msg->name.[01;31m[Kc_str[m[K());
      |                                        [01;31m[K^~~~~[m[K
gmake[2]: *** [CMakeFiles/ue_connector.dir/build.make:76 : CMakeFiles/ue_connector.dir/src/ue_connector.cpp.o] Erreur 1
gmake[1]: *** [CMakeFiles/Makefile2:137 : CMakeFiles/ue_connector.dir/all] Erreur 2
gmake: *** [Makefile:146 : all] Erreur 2
