[35m[1mConsolidate compiler generated dependencies of target ue_connector[0m
[ 50%] [32mBuilding CXX object CMakeFiles/ue_connector.dir/src/ue_connector.cpp.o[0m
[01m[K/home/lucas/dev_ws/src/ros2_ue_linker/src/ue_connector.cpp:[m[K In member function â€˜[01m[Kvoid TFSubscriber::serialize(const std::vector<std::__cxx11::basic_string<char> >&, double*, int)[m[Kâ€™:
[01m[K/home/lucas/dev_ws/src/ros2_ue_linker/src/ue_connector.cpp:74:18:[m[K [01;35m[Kwarning: [m[Kcomparison of integer expressions of different signedness: â€˜[01m[Kint[m[Kâ€™ and â€˜[01m[Kstd::vector<std::__cxx11::basic_string<char> >::size_type[m[Kâ€™ {aka â€˜[01m[Klong unsigned int[m[Kâ€™} [[01;35m[K]8;;https://gcc.gnu.org/onlinedocs/gcc/Warning-Options.html#index-Wsign-compare-Wsign-compare]8;;[m[K]
   74 |         while ([01;35m[Ki < joint_names.size()[m[K)
      |                [01;35m[K~~^~~~~~~~~~~~~~~~~~~~[m[K
[01m[K/home/lucas/dev_ws/src/ros2_ue_linker/src/ue_connector.cpp:83:13:[m[K [01;31m[Kerror: [m[Kredeclaration of â€˜[01m[Kint i[m[Kâ€™
   83 |         int [01;31m[Ki[m[K = 0;
      |             [01;31m[K^[m[K
[01m[K/home/lucas/dev_ws/src/ros2_ue_linker/src/ue_connector.cpp:73:13:[m[K [01;36m[Knote: [m[Kâ€˜[01m[Kint i[m[Kâ€™ previously declared here
   73 |         int [01;36m[Ki[m[K = 0;
      |             [01;36m[K^[m[K
[01m[K/home/lucas/dev_ws/src/ros2_ue_linker/src/ue_connector.cpp:84:18:[m[K [01;35m[Kwarning: [m[Kcomparison of integer expressions of different signedness: â€˜[01m[Kint[m[Kâ€™ and â€˜[01m[Kstd::vector<std::__cxx11::basic_string<char> >::size_type[m[Kâ€™ {aka â€˜[01m[Klong unsigned int[m[Kâ€™} [[01;35m[K]8;;https://gcc.gnu.org/onlinedocs/gcc/Warning-Options.html#index-Wsign-compare-Wsign-compare]8;;[m[K]
   84 |         while ([01;35m[Ki < joint_names.size()[m[K)
      |                [01;35m[K~~^~~~~~~~~~~~~~~~~~~~[m[K
gmake[2]: *** [CMakeFiles/ue_connector.dir/build.make:76 : CMakeFiles/ue_connector.dir/src/ue_connector.cpp.o] Erreur 1
gmake[1]: *** [CMakeFiles/Makefile2:137 : CMakeFiles/ue_connector.dir/all] Erreur 2
gmake: *** [Makefile:146 : all] Erreur 2
